2012-12-01 12:16:48,160 - Parser Exception: template
org.apache.velocity.runtime.parser.ParseException: Encountered "<" at line 57, column 128.
Was expecting one of:
    "[" ...
    "}" ...
    
	at org.apache.velocity.runtime.parser.Parser.generateParseException(Parser.java:3679)
	at org.apache.velocity.runtime.parser.Parser.jj_consume_token(Parser.java:3558)
	at org.apache.velocity.runtime.parser.Parser.Reference(Parser.java:1521)
	at org.apache.velocity.runtime.parser.Parser.DirectiveArg(Parser.java:632)
	at org.apache.velocity.runtime.parser.Parser.Directive(Parser.java:816)
	at org.apache.velocity.runtime.parser.Parser.Statement(Parser.java:379)
	at org.apache.velocity.runtime.parser.Parser.process(Parser.java:317)
	at org.apache.velocity.runtime.parser.Parser.parse(Parser.java:117)
	at org.apache.velocity.runtime.RuntimeInstance.parse(RuntimeInstance.java:1226)
	at org.apache.velocity.runtime.RuntimeInstance.parse(RuntimeInstance.java:1181)
	at org.apache.velocity.Template.process(Template.java:134)
	at org.apache.velocity.runtime.resource.ResourceManagerImpl.loadResource(ResourceManagerImpl.java:437)
	at org.apache.velocity.runtime.resource.ResourceManagerImpl.getResource(ResourceManagerImpl.java:352)
	at org.apache.velocity.runtime.RuntimeInstance.getTemplate(RuntimeInstance.java:1533)
	at org.apache.velocity.runtime.RuntimeSingleton.getTemplate(RuntimeSingleton.java:317)
	at org.apache.velocity.app.Velocity.getTemplate(Velocity.java:378)
	at org.bitbucket.creditauto.printer.server.PrinterServerImpl.applyVelocityTemplate(PrinterServerImpl.java:143)
	at org.bitbucket.creditauto.printer.server.PrinterServerImpl.createPDF(PrinterServerImpl.java:103)
	at org.bitbucket.creditauto.printer.server.PrinterServerImpl.printDocumentFromInstance(PrinterServerImpl.java:56)
	at org.bitbucket.creditauto.wicket.workflow.PrintApplicationFormPage$MainPanel$MainForm$1.onClick(PrintApplicationFormPage.java:350)
	at org.apache.wicket.markup.html.link.Link.onLinkClicked(Link.java:225)
	at sun.reflect.GeneratedMethodAccessor604.invoke(Unknown Source)
	at sun.reflect.DelegatingMethodAccessorImpl.invoke(DelegatingMethodAccessorImpl.java:43)
	at java.lang.reflect.Method.invoke(Method.java:601)
	at org.apache.wicket.RequestListenerInterface.invoke(RequestListenerInterface.java:182)
	at org.apache.wicket.request.target.component.listener.ListenerInterfaceRequestTarget.processEvents(ListenerInterfaceRequestTarget.java:73)
	at org.apache.wicket.request.AbstractRequestCycleProcessor.processEvents(AbstractRequestCycleProcessor.java:92)
	at org.apache.wicket.RequestCycle.processEventsAndRespond(RequestCycle.java:1279)
	at org.apache.wicket.RequestCycle.step(RequestCycle.java:1358)
	at org.apache.wicket.RequestCycle.steps(RequestCycle.java:1465)
	at org.apache.wicket.RequestCycle.request(RequestCycle.java:545)
	at org.apache.wicket.protocol.http.WicketFilter.doGet(WicketFilter.java:486)
	at org.apache.wicket.protocol.http.WicketFilter.doFilter(WicketFilter.java:319)
	at org.eclipse.jetty.servlet.ServletHandler$CachedChain.doFilter(ServletHandler.java:1326)
	at org.eclipse.jetty.servlet.ServletHandler.doHandle(ServletHandler.java:479)
	at org.eclipse.jetty.server.handler.ScopedHandler.handle(ScopedHandler.java:119)
	at org.eclipse.jetty.security.SecurityHandler.handle(SecurityHandler.java:520)
	at org.eclipse.jetty.server.session.SessionHandler.doHandle(SessionHandler.java:227)
	at org.eclipse.jetty.server.handler.ContextHandler.doHandle(ContextHandler.java:940)
	at org.eclipse.jetty.servlet.ServletHandler.doScope(ServletHandler.java:409)
	at org.eclipse.jetty.server.session.SessionHandler.doScope(SessionHandler.java:186)
	at org.eclipse.jetty.server.handler.ContextHandler.doScope(ContextHandler.java:874)
	at org.eclipse.jetty.server.handler.ScopedHandler.handle(ScopedHandler.java:117)
	at org.eclipse.jetty.server.handler.ContextHandlerCollection.handle(ContextHandlerCollection.java:250)
	at org.eclipse.jetty.server.handler.HandlerCollection.handle(HandlerCollection.java:149)
	at org.eclipse.jetty.server.handler.HandlerWrapper.handle(HandlerWrapper.java:110)
	at org.eclipse.jetty.server.Server.handle(Server.java:349)
	at org.eclipse.jetty.server.HttpConnection.handleRequest(HttpConnection.java:441)
	at org.eclipse.jetty.server.HttpConnection$RequestHandler.headerComplete(HttpConnection.java:904)
	at org.eclipse.jetty.http.HttpParser.parseNext(HttpParser.java:565)
	at org.eclipse.jetty.http.HttpParser.parseAvailable(HttpParser.java:217)
	at org.eclipse.jetty.server.AsyncHttpConnection.handle(AsyncHttpConnection.java:46)
	at org.eclipse.jetty.io.nio.SelectChannelEndPoint.handle(SelectChannelEndPoint.java:545)
	at org.eclipse.jetty.io.nio.SelectChannelEndPoint$1.run(SelectChannelEndPoint.java:43)
	at org.eclipse.jetty.util.thread.QueuedThreadPool.runJob(QueuedThreadPool.java:598)
	at org.eclipse.jetty.util.thread.QueuedThreadPool$3.run(QueuedThreadPool.java:533)
	at java.lang.Thread.run(Thread.java:722)
2012-12-01 12:16:48,162 - ResourceManager.getResource() parse exception
org.apache.velocity.exception.ParseErrorException: Encountered "<" at template[line 57, column 128]
Was expecting one of:
    "[" ...
    "}" ...
    
	at org.apache.velocity.Template.process(Template.java:151)
	at org.apache.velocity.runtime.resource.ResourceManagerImpl.loadResource(ResourceManagerImpl.java:437)
	at org.apache.velocity.runtime.resource.ResourceManagerImpl.getResource(ResourceManagerImpl.java:352)
	at org.apache.velocity.runtime.RuntimeInstance.getTemplate(RuntimeInstance.java:1533)
	at org.apache.velocity.runtime.RuntimeSingleton.getTemplate(RuntimeSingleton.java:317)
	at org.apache.velocity.app.Velocity.getTemplate(Velocity.java:378)
	at org.bitbucket.creditauto.printer.server.PrinterServerImpl.applyVelocityTemplate(PrinterServerImpl.java:143)
	at org.bitbucket.creditauto.printer.server.PrinterServerImpl.createPDF(PrinterServerImpl.java:103)
	at org.bitbucket.creditauto.printer.server.PrinterServerImpl.printDocumentFromInstance(PrinterServerImpl.java:56)
	at org.bitbucket.creditauto.wicket.workflow.PrintApplicationFormPage$MainPanel$MainForm$1.onClick(PrintApplicationFormPage.java:350)
	at org.apache.wicket.markup.html.link.Link.onLinkClicked(Link.java:225)
	at sun.reflect.GeneratedMethodAccessor604.invoke(Unknown Source)
	at sun.reflect.DelegatingMethodAccessorImpl.invoke(DelegatingMethodAccessorImpl.java:43)
	at java.lang.reflect.Method.invoke(Method.java:601)
	at org.apache.wicket.RequestListenerInterface.invoke(RequestListenerInterface.java:182)
	at org.apache.wicket.request.target.component.listener.ListenerInterfaceRequestTarget.processEvents(ListenerInterfaceRequestTarget.java:73)
	at org.apache.wicket.request.AbstractRequestCycleProcessor.processEvents(AbstractRequestCycleProcessor.java:92)
	at org.apache.wicket.RequestCycle.processEventsAndRespond(RequestCycle.java:1279)
	at org.apache.wicket.RequestCycle.step(RequestCycle.java:1358)
	at org.apache.wicket.RequestCycle.steps(RequestCycle.java:1465)
	at org.apache.wicket.RequestCycle.request(RequestCycle.java:545)
	at org.apache.wicket.protocol.http.WicketFilter.doGet(WicketFilter.java:486)
	at org.apache.wicket.protocol.http.WicketFilter.doFilter(WicketFilter.java:319)
	at org.eclipse.jetty.servlet.ServletHandler$CachedChain.doFilter(ServletHandler.java:1326)
	at org.eclipse.jetty.servlet.ServletHandler.doHandle(ServletHandler.java:479)
	at org.eclipse.jetty.server.handler.ScopedHandler.handle(ScopedHandler.java:119)
	at org.eclipse.jetty.security.SecurityHandler.handle(SecurityHandler.java:520)
	at org.eclipse.jetty.server.session.SessionHandler.doHandle(SessionHandler.java:227)
	at org.eclipse.jetty.server.handler.ContextHandler.doHandle(ContextHandler.java:940)
	at org.eclipse.jetty.servlet.ServletHandler.doScope(ServletHandler.java:409)
	at org.eclipse.jetty.server.session.SessionHandler.doScope(SessionHandler.java:186)
	at org.eclipse.jetty.server.handler.ContextHandler.doScope(ContextHandler.java:874)
	at org.eclipse.jetty.server.handler.ScopedHandler.handle(ScopedHandler.java:117)
	at org.eclipse.jetty.server.handler.ContextHandlerCollection.handle(ContextHandlerCollection.java:250)
	at org.eclipse.jetty.server.handler.HandlerCollection.handle(HandlerCollection.java:149)
	at org.eclipse.jetty.server.handler.HandlerWrapper.handle(HandlerWrapper.java:110)
	at org.eclipse.jetty.server.Server.handle(Server.java:349)
	at org.eclipse.jetty.server.HttpConnection.handleRequest(HttpConnection.java:441)
	at org.eclipse.jetty.server.HttpConnection$RequestHandler.headerComplete(HttpConnection.java:904)
	at org.eclipse.jetty.http.HttpParser.parseNext(HttpParser.java:565)
	at org.eclipse.jetty.http.HttpParser.parseAvailable(HttpParser.java:217)
	at org.eclipse.jetty.server.AsyncHttpConnection.handle(AsyncHttpConnection.java:46)
	at org.eclipse.jetty.io.nio.SelectChannelEndPoint.handle(SelectChannelEndPoint.java:545)
	at org.eclipse.jetty.io.nio.SelectChannelEndPoint$1.run(SelectChannelEndPoint.java:43)
	at org.eclipse.jetty.util.thread.QueuedThreadPool.runJob(QueuedThreadPool.java:598)
	at org.eclipse.jetty.util.thread.QueuedThreadPool$3.run(QueuedThreadPool.java:533)
	at java.lang.Thread.run(Thread.java:722)
2012-12-01 12:18:33,961 - Parser Exception: template
org.apache.velocity.runtime.parser.ParseException: Encountered "<" at line 57, column 128.
Was expecting one of:
    "[" ...
    "}" ...
    
	at org.apache.velocity.runtime.parser.Parser.generateParseException(Parser.java:3679)
	at org.apache.velocity.runtime.parser.Parser.jj_consume_token(Parser.java:3558)
	at org.apache.velocity.runtime.parser.Parser.Reference(Parser.java:1521)
	at org.apache.velocity.runtime.parser.Parser.DirectiveArg(Parser.java:632)
	at org.apache.velocity.runtime.parser.Parser.Directive(Parser.java:816)
	at org.apache.velocity.runtime.parser.Parser.Statement(Parser.java:379)
	at org.apache.velocity.runtime.parser.Parser.process(Parser.java:317)
	at org.apache.velocity.runtime.parser.Parser.parse(Parser.java:117)
	at org.apache.velocity.runtime.RuntimeInstance.parse(RuntimeInstance.java:1226)
	at org.apache.velocity.runtime.RuntimeInstance.parse(RuntimeInstance.java:1181)
	at org.apache.velocity.Template.process(Template.java:134)
	at org.apache.velocity.runtime.resource.ResourceManagerImpl.loadResource(ResourceManagerImpl.java:437)
	at org.apache.velocity.runtime.resource.ResourceManagerImpl.getResource(ResourceManagerImpl.java:352)
	at org.apache.velocity.runtime.RuntimeInstance.getTemplate(RuntimeInstance.java:1533)
	at org.apache.velocity.runtime.RuntimeSingleton.getTemplate(RuntimeSingleton.java:317)
	at org.apache.velocity.app.Velocity.getTemplate(Velocity.java:378)
	at org.bitbucket.creditauto.printer.server.PrinterServerImpl.applyVelocityTemplate(PrinterServerImpl.java:143)
	at org.bitbucket.creditauto.printer.server.PrinterServerImpl.createPDF(PrinterServerImpl.java:103)
	at org.bitbucket.creditauto.printer.server.PrinterServerImpl.printDocumentFromInstance(PrinterServerImpl.java:56)
	at org.bitbucket.creditauto.wicket.workflow.PrintApplicationFormPage$MainPanel$MainForm$1.onClick(PrintApplicationFormPage.java:350)
	at org.apache.wicket.markup.html.link.Link.onLinkClicked(Link.java:225)
	at sun.reflect.GeneratedMethodAccessor604.invoke(Unknown Source)
	at sun.reflect.DelegatingMethodAccessorImpl.invoke(DelegatingMethodAccessorImpl.java:43)
	at java.lang.reflect.Method.invoke(Method.java:601)
	at org.apache.wicket.RequestListenerInterface.invoke(RequestListenerInterface.java:182)
	at org.apache.wicket.request.target.component.listener.ListenerInterfaceRequestTarget.processEvents(ListenerInterfaceRequestTarget.java:73)
	at org.apache.wicket.request.AbstractRequestCycleProcessor.processEvents(AbstractRequestCycleProcessor.java:92)
	at org.apache.wicket.RequestCycle.processEventsAndRespond(RequestCycle.java:1279)
	at org.apache.wicket.RequestCycle.step(RequestCycle.java:1358)
	at org.apache.wicket.RequestCycle.steps(RequestCycle.java:1465)
	at org.apache.wicket.RequestCycle.request(RequestCycle.java:545)
	at org.apache.wicket.protocol.http.WicketFilter.doGet(WicketFilter.java:486)
	at org.apache.wicket.protocol.http.WicketFilter.doFilter(WicketFilter.java:319)
	at org.eclipse.jetty.servlet.ServletHandler$CachedChain.doFilter(ServletHandler.java:1326)
	at org.eclipse.jetty.servlet.ServletHandler.doHandle(ServletHandler.java:479)
	at org.eclipse.jetty.server.handler.ScopedHandler.handle(ScopedHandler.java:119)
	at org.eclipse.jetty.security.SecurityHandler.handle(SecurityHandler.java:520)
	at org.eclipse.jetty.server.session.SessionHandler.doHandle(SessionHandler.java:227)
	at org.eclipse.jetty.server.handler.ContextHandler.doHandle(ContextHandler.java:940)
	at org.eclipse.jetty.servlet.ServletHandler.doScope(ServletHandler.java:409)
	at org.eclipse.jetty.server.session.SessionHandler.doScope(SessionHandler.java:186)
	at org.eclipse.jetty.server.handler.ContextHandler.doScope(ContextHandler.java:874)
	at org.eclipse.jetty.server.handler.ScopedHandler.handle(ScopedHandler.java:117)
	at org.eclipse.jetty.server.handler.ContextHandlerCollection.handle(ContextHandlerCollection.java:250)
	at org.eclipse.jetty.server.handler.HandlerCollection.handle(HandlerCollection.java:149)
	at org.eclipse.jetty.server.handler.HandlerWrapper.handle(HandlerWrapper.java:110)
	at org.eclipse.jetty.server.Server.handle(Server.java:349)
	at org.eclipse.jetty.server.HttpConnection.handleRequest(HttpConnection.java:441)
	at org.eclipse.jetty.server.HttpConnection$RequestHandler.headerComplete(HttpConnection.java:904)
	at org.eclipse.jetty.http.HttpParser.parseNext(HttpParser.java:565)
	at org.eclipse.jetty.http.HttpParser.parseAvailable(HttpParser.java:217)
	at org.eclipse.jetty.server.AsyncHttpConnection.handle(AsyncHttpConnection.java:46)
	at org.eclipse.jetty.io.nio.SelectChannelEndPoint.handle(SelectChannelEndPoint.java:545)
	at org.eclipse.jetty.io.nio.SelectChannelEndPoint$1.run(SelectChannelEndPoint.java:43)
	at org.eclipse.jetty.util.thread.QueuedThreadPool.runJob(QueuedThreadPool.java:598)
	at org.eclipse.jetty.util.thread.QueuedThreadPool$3.run(QueuedThreadPool.java:533)
	at java.lang.Thread.run(Thread.java:722)
2012-12-01 12:18:33,962 - ResourceManager.getResource() parse exception
org.apache.velocity.exception.ParseErrorException: Encountered "<" at template[line 57, column 128]
Was expecting one of:
    "[" ...
    "}" ...
    
	at org.apache.velocity.Template.process(Template.java:151)
	at org.apache.velocity.runtime.resource.ResourceManagerImpl.loadResource(ResourceManagerImpl.java:437)
	at org.apache.velocity.runtime.resource.ResourceManagerImpl.getResource(ResourceManagerImpl.java:352)
	at org.apache.velocity.runtime.RuntimeInstance.getTemplate(RuntimeInstance.java:1533)
	at org.apache.velocity.runtime.RuntimeSingleton.getTemplate(RuntimeSingleton.java:317)
	at org.apache.velocity.app.Velocity.getTemplate(Velocity.java:378)
	at org.bitbucket.creditauto.printer.server.PrinterServerImpl.applyVelocityTemplate(PrinterServerImpl.java:143)
	at org.bitbucket.creditauto.printer.server.PrinterServerImpl.createPDF(PrinterServerImpl.java:103)
	at org.bitbucket.creditauto.printer.server.PrinterServerImpl.printDocumentFromInstance(PrinterServerImpl.java:56)
	at org.bitbucket.creditauto.wicket.workflow.PrintApplicationFormPage$MainPanel$MainForm$1.onClick(PrintApplicationFormPage.java:350)
	at org.apache.wicket.markup.html.link.Link.onLinkClicked(Link.java:225)
	at sun.reflect.GeneratedMethodAccessor604.invoke(Unknown Source)
	at sun.reflect.DelegatingMethodAccessorImpl.invoke(DelegatingMethodAccessorImpl.java:43)
	at java.lang.reflect.Method.invoke(Method.java:601)
	at org.apache.wicket.RequestListenerInterface.invoke(RequestListenerInterface.java:182)
	at org.apache.wicket.request.target.component.listener.ListenerInterfaceRequestTarget.processEvents(ListenerInterfaceRequestTarget.java:73)
	at org.apache.wicket.request.AbstractRequestCycleProcessor.processEvents(AbstractRequestCycleProcessor.java:92)
	at org.apache.wicket.RequestCycle.processEventsAndRespond(RequestCycle.java:1279)
	at org.apache.wicket.RequestCycle.step(RequestCycle.java:1358)
	at org.apache.wicket.RequestCycle.steps(RequestCycle.java:1465)
	at org.apache.wicket.RequestCycle.request(RequestCycle.java:545)
	at org.apache.wicket.protocol.http.WicketFilter.doGet(WicketFilter.java:486)
	at org.apache.wicket.protocol.http.WicketFilter.doFilter(WicketFilter.java:319)
	at org.eclipse.jetty.servlet.ServletHandler$CachedChain.doFilter(ServletHandler.java:1326)
	at org.eclipse.jetty.servlet.ServletHandler.doHandle(ServletHandler.java:479)
	at org.eclipse.jetty.server.handler.ScopedHandler.handle(ScopedHandler.java:119)
	at org.eclipse.jetty.security.SecurityHandler.handle(SecurityHandler.java:520)
	at org.eclipse.jetty.server.session.SessionHandler.doHandle(SessionHandler.java:227)
	at org.eclipse.jetty.server.handler.ContextHandler.doHandle(ContextHandler.java:940)
	at org.eclipse.jetty.servlet.ServletHandler.doScope(ServletHandler.java:409)
	at org.eclipse.jetty.server.session.SessionHandler.doScope(SessionHandler.java:186)
	at org.eclipse.jetty.server.handler.ContextHandler.doScope(ContextHandler.java:874)
	at org.eclipse.jetty.server.handler.ScopedHandler.handle(ScopedHandler.java:117)
	at org.eclipse.jetty.server.handler.ContextHandlerCollection.handle(ContextHandlerCollection.java:250)
	at org.eclipse.jetty.server.handler.HandlerCollection.handle(HandlerCollection.java:149)
	at org.eclipse.jetty.server.handler.HandlerWrapper.handle(HandlerWrapper.java:110)
	at org.eclipse.jetty.server.Server.handle(Server.java:349)
	at org.eclipse.jetty.server.HttpConnection.handleRequest(HttpConnection.java:441)
	at org.eclipse.jetty.server.HttpConnection$RequestHandler.headerComplete(HttpConnection.java:904)
	at org.eclipse.jetty.http.HttpParser.parseNext(HttpParser.java:565)
	at org.eclipse.jetty.http.HttpParser.parseAvailable(HttpParser.java:217)
	at org.eclipse.jetty.server.AsyncHttpConnection.handle(AsyncHttpConnection.java:46)
	at org.eclipse.jetty.io.nio.SelectChannelEndPoint.handle(SelectChannelEndPoint.java:545)
	at org.eclipse.jetty.io.nio.SelectChannelEndPoint$1.run(SelectChannelEndPoint.java:43)
	at org.eclipse.jetty.util.thread.QueuedThreadPool.runJob(QueuedThreadPool.java:598)
	at org.eclipse.jetty.util.thread.QueuedThreadPool$3.run(QueuedThreadPool.java:533)
	at java.lang.Thread.run(Thread.java:722)
2012-12-02 10:07:44,940 - ResourceManager.getResource() parse exception
org.apache.velocity.exception.ParseErrorException: Lexical error,   Encountered: "q" (113), after : "&" at template[line 14, column 38]
	at org.apache.velocity.Template.process(Template.java:151)
	at org.apache.velocity.runtime.resource.ResourceManagerImpl.loadResource(ResourceManagerImpl.java:437)
	at org.apache.velocity.runtime.resource.ResourceManagerImpl.getResource(ResourceManagerImpl.java:352)
	at org.apache.velocity.runtime.RuntimeInstance.getTemplate(RuntimeInstance.java:1533)
	at org.apache.velocity.runtime.RuntimeSingleton.getTemplate(RuntimeSingleton.java:317)
	at org.apache.velocity.app.Velocity.getTemplate(Velocity.java:378)
	at org.bitbucket.creditauto.printer.server.PrinterServerImpl.applyVelocityTemplate(PrinterServerImpl.java:143)
	at org.bitbucket.creditauto.printer.server.PrinterServerImpl.createPDF(PrinterServerImpl.java:103)
	at org.bitbucket.creditauto.printer.server.PrinterServerImpl.printDocumentFromInstance(PrinterServerImpl.java:56)
	at org.bitbucket.creditauto.wicket.workflow.PrintApplicationFormPage$MainPanel$MainForm$1.onClick(PrintApplicationFormPage.java:350)
	at org.apache.wicket.markup.html.link.Link.onLinkClicked(Link.java:225)
	at sun.reflect.NativeMethodAccessorImpl.invoke0(Native Method)
	at sun.reflect.NativeMethodAccessorImpl.invoke(NativeMethodAccessorImpl.java:57)
	at sun.reflect.DelegatingMethodAccessorImpl.invoke(DelegatingMethodAccessorImpl.java:43)
	at java.lang.reflect.Method.invoke(Method.java:601)
	at org.apache.wicket.RequestListenerInterface.invoke(RequestListenerInterface.java:182)
	at org.apache.wicket.request.target.component.listener.ListenerInterfaceRequestTarget.processEvents(ListenerInterfaceRequestTarget.java:73)
	at org.apache.wicket.request.AbstractRequestCycleProcessor.processEvents(AbstractRequestCycleProcessor.java:92)
	at org.apache.wicket.RequestCycle.processEventsAndRespond(RequestCycle.java:1279)
	at org.apache.wicket.RequestCycle.step(RequestCycle.java:1358)
	at org.apache.wicket.RequestCycle.steps(RequestCycle.java:1465)
	at org.apache.wicket.RequestCycle.request(RequestCycle.java:545)
	at org.apache.wicket.protocol.http.WicketFilter.doGet(WicketFilter.java:486)
	at org.apache.wicket.protocol.http.WicketFilter.doFilter(WicketFilter.java:319)
	at org.eclipse.jetty.servlet.ServletHandler$CachedChain.doFilter(ServletHandler.java:1326)
	at org.eclipse.jetty.servlet.ServletHandler.doHandle(ServletHandler.java:479)
	at org.eclipse.jetty.server.handler.ScopedHandler.handle(ScopedHandler.java:119)
	at org.eclipse.jetty.security.SecurityHandler.handle(SecurityHandler.java:520)
	at org.eclipse.jetty.server.session.SessionHandler.doHandle(SessionHandler.java:227)
	at org.eclipse.jetty.server.handler.ContextHandler.doHandle(ContextHandler.java:940)
	at org.eclipse.jetty.servlet.ServletHandler.doScope(ServletHandler.java:409)
	at org.eclipse.jetty.server.session.SessionHandler.doScope(SessionHandler.java:186)
	at org.eclipse.jetty.server.handler.ContextHandler.doScope(ContextHandler.java:874)
	at org.eclipse.jetty.server.handler.ScopedHandler.handle(ScopedHandler.java:117)
	at org.eclipse.jetty.server.handler.ContextHandlerCollection.handle(ContextHandlerCollection.java:250)
	at org.eclipse.jetty.server.handler.HandlerCollection.handle(HandlerCollection.java:149)
	at org.eclipse.jetty.server.handler.HandlerWrapper.handle(HandlerWrapper.java:110)
	at org.eclipse.jetty.server.Server.handle(Server.java:349)
	at org.eclipse.jetty.server.HttpConnection.handleRequest(HttpConnection.java:441)
	at org.eclipse.jetty.server.HttpConnection$RequestHandler.headerComplete(HttpConnection.java:904)
	at org.eclipse.jetty.http.HttpParser.parseNext(HttpParser.java:565)
	at org.eclipse.jetty.http.HttpParser.parseAvailable(HttpParser.java:217)
	at org.eclipse.jetty.server.AsyncHttpConnection.handle(AsyncHttpConnection.java:46)
	at org.eclipse.jetty.io.nio.SelectChannelEndPoint.handle(SelectChannelEndPoint.java:545)
	at org.eclipse.jetty.io.nio.SelectChannelEndPoint$1.run(SelectChannelEndPoint.java:43)
	at org.eclipse.jetty.util.thread.QueuedThreadPool.runJob(QueuedThreadPool.java:598)
	at org.eclipse.jetty.util.thread.QueuedThreadPool$3.run(QueuedThreadPool.java:533)
	at java.lang.Thread.run(Thread.java:722)
2012-12-02 10:08:21,040 - ResourceManager.getResource() parse exception
org.apache.velocity.exception.ParseErrorException: Lexical error,   Encountered: "q" (113), after : "&" at template[line 13, column 38]
	at org.apache.velocity.Template.process(Template.java:151)
	at org.apache.velocity.runtime.resource.ResourceManagerImpl.loadResource(ResourceManagerImpl.java:437)
	at org.apache.velocity.runtime.resource.ResourceManagerImpl.getResource(ResourceManagerImpl.java:352)
	at org.apache.velocity.runtime.RuntimeInstance.getTemplate(RuntimeInstance.java:1533)
	at org.apache.velocity.runtime.RuntimeSingleton.getTemplate(RuntimeSingleton.java:317)
	at org.apache.velocity.app.Velocity.getTemplate(Velocity.java:378)
	at org.bitbucket.creditauto.printer.server.PrinterServerImpl.applyVelocityTemplate(PrinterServerImpl.java:143)
	at org.bitbucket.creditauto.printer.server.PrinterServerImpl.createPDF(PrinterServerImpl.java:103)
	at org.bitbucket.creditauto.printer.server.PrinterServerImpl.printDocumentFromInstance(PrinterServerImpl.java:56)
	at org.bitbucket.creditauto.wicket.workflow.PrintApplicationFormPage$MainPanel$MainForm$1.onClick(PrintApplicationFormPage.java:350)
	at org.apache.wicket.markup.html.link.Link.onLinkClicked(Link.java:225)
	at sun.reflect.NativeMethodAccessorImpl.invoke0(Native Method)
	at sun.reflect.NativeMethodAccessorImpl.invoke(NativeMethodAccessorImpl.java:57)
	at sun.reflect.DelegatingMethodAccessorImpl.invoke(DelegatingMethodAccessorImpl.java:43)
	at java.lang.reflect.Method.invoke(Method.java:601)
	at org.apache.wicket.RequestListenerInterface.invoke(RequestListenerInterface.java:182)
	at org.apache.wicket.request.target.component.listener.ListenerInterfaceRequestTarget.processEvents(ListenerInterfaceRequestTarget.java:73)
	at org.apache.wicket.request.AbstractRequestCycleProcessor.processEvents(AbstractRequestCycleProcessor.java:92)
	at org.apache.wicket.RequestCycle.processEventsAndRespond(RequestCycle.java:1279)
	at org.apache.wicket.RequestCycle.step(RequestCycle.java:1358)
	at org.apache.wicket.RequestCycle.steps(RequestCycle.java:1465)
	at org.apache.wicket.RequestCycle.request(RequestCycle.java:545)
	at org.apache.wicket.protocol.http.WicketFilter.doGet(WicketFilter.java:486)
	at org.apache.wicket.protocol.http.WicketFilter.doFilter(WicketFilter.java:319)
	at org.eclipse.jetty.servlet.ServletHandler$CachedChain.doFilter(ServletHandler.java:1326)
	at org.eclipse.jetty.servlet.ServletHandler.doHandle(ServletHandler.java:479)
	at org.eclipse.jetty.server.handler.ScopedHandler.handle(ScopedHandler.java:119)
	at org.eclipse.jetty.security.SecurityHandler.handle(SecurityHandler.java:520)
	at org.eclipse.jetty.server.session.SessionHandler.doHandle(SessionHandler.java:227)
	at org.eclipse.jetty.server.handler.ContextHandler.doHandle(ContextHandler.java:940)
	at org.eclipse.jetty.servlet.ServletHandler.doScope(ServletHandler.java:409)
	at org.eclipse.jetty.server.session.SessionHandler.doScope(SessionHandler.java:186)
	at org.eclipse.jetty.server.handler.ContextHandler.doScope(ContextHandler.java:874)
	at org.eclipse.jetty.server.handler.ScopedHandler.handle(ScopedHandler.java:117)
	at org.eclipse.jetty.server.handler.ContextHandlerCollection.handle(ContextHandlerCollection.java:250)
	at org.eclipse.jetty.server.handler.HandlerCollection.handle(HandlerCollection.java:149)
	at org.eclipse.jetty.server.handler.HandlerWrapper.handle(HandlerWrapper.java:110)
	at org.eclipse.jetty.server.Server.handle(Server.java:349)
	at org.eclipse.jetty.server.HttpConnection.handleRequest(HttpConnection.java:441)
	at org.eclipse.jetty.server.HttpConnection$RequestHandler.headerComplete(HttpConnection.java:904)
	at org.eclipse.jetty.http.HttpParser.parseNext(HttpParser.java:565)
	at org.eclipse.jetty.http.HttpParser.parseAvailable(HttpParser.java:217)
	at org.eclipse.jetty.server.AsyncHttpConnection.handle(AsyncHttpConnection.java:46)
	at org.eclipse.jetty.io.nio.SelectChannelEndPoint.handle(SelectChannelEndPoint.java:545)
	at org.eclipse.jetty.io.nio.SelectChannelEndPoint$1.run(SelectChannelEndPoint.java:43)
	at org.eclipse.jetty.util.thread.QueuedThreadPool.runJob(QueuedThreadPool.java:598)
	at org.eclipse.jetty.util.thread.QueuedThreadPool$3.run(QueuedThreadPool.java:533)
	at java.lang.Thread.run(Thread.java:722)
